<?xml version="1.0" encoding="UTF-8"?>
<!-- Generated by org.testng.reporters.JUnitReportReporter -->
<testsuite hostname="www" failures="0" tests="1" name="com.mycompany.app.AppTest" time="0.021" errors="0" timestamp="2025-03-05T17:12:56 UTC" skipped="0">
  <testcase classname="com.mycompany.app.AppTest" name="testApp" time="0.021"/>
  <system-out/>
</testsuite> <!-- com.mycompany.app.AppTest -->
